<?xml version="1.0" encoding="UTF-8"?>
<!-- Generated by org.testng.reporters.JUnitReportReporter -->
<testsuite hostname="DESKTOP-2S5B2IC" failures="0" tests="12" name="UI.S73B_Data_Provider_Using_TestNG" time="0.049" errors="0" timestamp="2023-04-26T13:11:25 IST" skipped="0">
  <testcase classname="UI.S73B_Data_Provider_Using_TestNG" name="test1" time="0.002"/>
  <system-out/>
  <testcase classname="UI.S73B_Data_Provider_Using_TestNG" name="test1" time="0.003"/>
  <system-out/>
  <testcase classname="UI.S73B_Data_Provider_Using_TestNG" name="test" time="0.009"/>
  <system-out/>
  <testcase classname="UI.S73B_Data_Provider_Using_TestNG" name="test1" time="0.002"/>
  <system-out/>
  <testcase classname="UI.S73B_Data_Provider_Using_TestNG" name="test1" time="0.002"/>
  <system-out/>
  <testcase classname="UI.S73B_Data_Provider_Using_TestNG" name="test" time="0.002"/>
  <system-out/>
  <testcase classname="UI.S73B_Data_Provider_Using_TestNG" name="test2" time="0.002"/>
  <system-out/>
  <testcase classname="UI.S73B_Data_Provider_Using_TestNG" name="test2" time="0.002"/>
  <system-out/>
  <testcase classname="UI.S73B_Data_Provider_Using_TestNG" name="test2" time="0.002"/>
  <system-out/>
  <testcase classname="UI.S73B_Data_Provider_Using_TestNG" name="test" time="0.002"/>
  <system-out/>
  <testcase classname="UI.S73B_Data_Provider_Using_TestNG" name="test2" time="0.017"/>
  <system-out/>
  <testcase classname="UI.S73B_Data_Provider_Using_TestNG" name="test" time="0.004"/>
  <system-out/>
</testsuite> <!-- UI.S73B_Data_Provider_Using_TestNG -->
