<?xml version="1.0" encoding="UTF-8"?>
<!-- Generated by org.testng.reporters.JUnitReportReporter -->
<testsuite hostname="DESKTOP-2S5B2IC" failures="0" tests="8" name="UI.S71_Data_Provider" time="0.028" errors="0" timestamp="2023-04-26T12:18:47 IST" skipped="0">
  <testcase classname="UI.S71_Data_Provider" name="test" time="0.002"/>
  <system-out/>
  <testcase classname="UI.S71_Data_Provider" name="test1" time="0.003"/>
  <system-out/>
  <testcase classname="UI.S71_Data_Provider" name="test1" time="0.002"/>
  <system-out/>
  <testcase classname="UI.S71_Data_Provider" name="test1" time="0.002"/>
  <system-out/>
  <testcase classname="UI.S71_Data_Provider" name="test" time="0.012"/>
  <system-out/>
  <testcase classname="UI.S71_Data_Provider" name="test" time="0.002"/>
  <system-out/>
  <testcase classname="UI.S71_Data_Provider" name="test1" time="0.001"/>
  <system-out/>
  <testcase classname="UI.S71_Data_Provider" name="test" time="0.004"/>
  <system-out/>
</testsuite> <!-- UI.S71_Data_Provider -->
