<?xml version="1.0" encoding="UTF-8"?>
<!-- Generated by org.testng.reporters.JUnitReportReporter -->
<testsuite hostname="DESKTOP-2S5B2IC" failures="0" tests="4" name="UI.S66_GroupTestCases" time="0.024" errors="0" timestamp="2023-04-26T16:03:07 IST" skipped="0">
  <testcase classname="UI.S66_GroupTestCases" name="bTest4" time="0.007"/>
  <system-out/>
  <testcase classname="UI.S66_GroupTestCases" name="bTest3" time="0.011"/>
  <system-out/>
  <testcase classname="UI.S66_GroupTestCases" name="aTest1" time="0.003"/>
  <system-out/>
  <testcase classname="UI.S66_GroupTestCases" name="bTest2" time="0.003"/>
  <system-out/>
</testsuite> <!-- UI.S66_GroupTestCases -->
