<?xml version="1.0" encoding="UTF-8"?>
<!-- Generated by org.testng.reporters.JUnitReportReporter -->
<testsuite hostname="DESKTOP-2S5B2IC" failures="0" tests="3" name="UI.S68_SkiptestCases" time="0.021" errors="0" timestamp="2023-04-25T17:32:54 IST" skipped="3">
  <testcase classname="UI.S68_SkiptestCases" name="skipTest3" time="0.005">
    <skipped/>
  </testcase> <!-- skipTest3 -->
  <system-out/>
  <testcase classname="UI.S68_SkiptestCases" name="skipTest2" time="0.016">
    <skipped/>
  </testcase> <!-- skipTest2 -->
  <system-out/>
  <testcase classname="UI.S68_SkiptestCases" name="skipTest1">
    <skipped/>
  </testcase> <!-- skipTest1 -->
  <system-out/>
</testsuite> <!-- UI.S68_SkiptestCases -->
