<?xml version="1.0" encoding="UTF-8"?>
<!-- Generated by org.testng.reporters.JUnitReportReporter -->
<testsuite hostname="DESKTOP-2S5B2IC" failures="0" tests="1" name="UI.S64_HardAssertion" time="3.883" errors="0" timestamp="2023-04-26T11:06:13 IST" skipped="0">
  <testcase classname="UI.S64_HardAssertion" name="titleTest" time="3.883"/>
  <system-out/>
</testsuite> <!-- UI.S64_HardAssertion -->
