<?xml version="1.0" encoding="UTF-8"?>
<!-- Generated by org.testng.reporters.JUnitReportReporter -->
<testsuite hostname="DESKTOP-2S5B2IC" failures="0" tests="2" name="UI.S62andS63_BeforeTestandAfterTest" time="0.014" errors="0" timestamp="2023-05-16T13:08:28 IST" skipped="0">
  <testcase classname="UI.S62andS63_BeforeTestandAfterTest" name="aTest1" time="0.010"/>
  <system-out/>
  <testcase classname="UI.S62andS63_BeforeTestandAfterTest" name="aTest2" time="0.004"/>
  <system-out/>
</testsuite> <!-- UI.S62andS63_BeforeTestandAfterTest -->
