<?xml version="1.0" encoding="UTF-8"?>
<!-- Generated by org.testng.reporters.JUnitReportReporter -->
<testsuite hostname="DESKTOP-2S5B2IC" failures="0" tests="2" name="UI.S69_BeforeGroupsandClass" time="0.015" errors="0" timestamp="2023-04-25T17:46:32 IST" skipped="0">
  <testcase classname="UI.S69_BeforeGroupsandClass" name="aTest1" time="0.011"/>
  <system-out/>
  <testcase classname="UI.S69_BeforeGroupsandClass" name="aTest2" time="0.004"/>
  <system-out/>
</testsuite> <!-- UI.S69_BeforeGroupsandClass -->
