<?xml version="1.0" encoding="UTF-8"?>
<!-- Generated by org.testng.reporters.JUnitReportReporter -->
<testsuite hostname="DESKTOP-2S5B2IC" failures="0" tests="4" name="UI.S70_BeforeandAfterSuiteExtendsCommonDataSetup" time="0.020" errors="0" timestamp="2023-04-26T11:02:56 IST" skipped="0">
  <testcase classname="UI.S70_BeforeandAfterSuiteExtendsCommonDataSetup" name="bTest4" time="0.005"/>
  <system-out/>
  <testcase classname="UI.S70_BeforeandAfterSuiteExtendsCommonDataSetup" name="bTest3" time="0.010"/>
  <system-out/>
  <testcase classname="UI.S70_BeforeandAfterSuiteExtendsCommonDataSetup" name="aTest1" time="0.002"/>
  <system-out/>
  <testcase classname="UI.S70_BeforeandAfterSuiteExtendsCommonDataSetup" name="aTest2" time="0.003"/>
  <system-out/>
</testsuite> <!-- UI.S70_BeforeandAfterSuiteExtendsCommonDataSetup -->
