<?xml version="1.0" encoding="UTF-8"?>
<!-- Generated by org.testng.reporters.JUnitReportReporter -->
<testsuite hostname="DESKTOP-2S5B2IC" failures="0" tests="2" name="UI.LoginTest" time="0.015" errors="0" timestamp="2023-04-25T13:10:04 IST" skipped="0">
  <testcase classname="UI.LoginTest" name="aTest1" time="0.009"/>
  <system-out/>
  <testcase classname="UI.LoginTest" name="aTest2" time="0.006"/>
  <system-out/>
</testsuite> <!-- UI.LoginTest -->
