<?xml version="1.0" encoding="UTF-8"?>
<!-- Generated by org.testng.reporters.JUnitReportReporter -->
<testsuite hostname="DESKTOP-2S5B2IC" failures="0" tests="1" name="UI.S64_VerifyTitleTest" time="9.118" errors="0" timestamp="2023-04-25T13:42:49 IST" skipped="0">
  <testcase classname="UI.S64_VerifyTitleTest" name="titleTest" time="9.118"/>
  <system-out/>
</testsuite> <!-- UI.S64_VerifyTitleTest -->
