<?xml version="1.0" encoding="UTF-8"?>
<!-- Generated by org.testng.reporters.JUnitReportReporter -->
<testsuite hostname="DESKTOP-2S5B2IC" failures="0" tests="4" name="UI.S78_ReportsGeneration" time="0.009" errors="0" timestamp="2023-04-27T11:56:00 IST" skipped="0">
  <testcase classname="UI.S78_ReportsGeneration" name="reportTest2" time="0.004"/>
  <system-out>
    <![CDATA[Method name is = reportTest2
Status of execution is = 1]]>
  </system-out>
  <testcase classname="UI.S78_ReportsGeneration" name="reportTest1" time="0.002"/>
  <system-out>
    <![CDATA[Method name is = reportTest1
test 1 report
Status of execution is = 1]]>
  </system-out>
  <testcase classname="UI.S78_ReportsGeneration" name="reportTest3" time="0.002"/>
  <system-out>
    <![CDATA[Method name is = reportTest3
Status of execution is = 1]]>
  </system-out>
  <testcase classname="UI.S78_ReportsGeneration" name="reportTest4" time="0.001"/>
  <system-out>
    <![CDATA[Method name is = reportTest4
Status of execution is = 1]]>
  </system-out>
</testsuite> <!-- UI.S78_ReportsGeneration -->
