<?xml version="1.0" encoding="UTF-8"?>
<!-- Generated by org.testng.reporters.JUnitReportReporter -->
<testsuite hostname="DESKTOP-2S5B2IC" failures="0" tests="4" name="UI.S72_Use_of_Data_Provider" time="16.064" errors="0" timestamp="2023-04-26T12:36:40 IST" skipped="0">
  <testcase classname="UI.S72_Use_of_Data_Provider" name="test" time="7.627"/>
  <system-out/>
  <testcase classname="UI.S72_Use_of_Data_Provider" name="test" time="1.964"/>
  <system-out/>
  <testcase classname="UI.S72_Use_of_Data_Provider" name="test" time="4.107"/>
  <system-out/>
  <testcase classname="UI.S72_Use_of_Data_Provider" name="test" time="2.366"/>
  <system-out/>
</testsuite> <!-- UI.S72_Use_of_Data_Provider -->
