<?xml version="1.0" encoding="UTF-8"?>
<!-- Generated by org.testng.reporters.JUnitReportReporter -->
<testsuite hostname="DESKTOP-2S5B2IC" failures="0" tests="1" name="testcases.NAR.US" time="277.776" errors="0" timestamp="2023-06-02T14:40:56 IST" skipped="0">
  <testcase classname="testcases.NAR.US" name="usAgreement" time="277.776"/>
  <system-out>
    <![CDATA[Method name is = usAgreement
Status of execution is = 1]]>
  </system-out>
</testsuite> <!-- testcases.NAR.US -->
