<?xml version="1.0" encoding="UTF-8"?>
<!-- Generated by org.testng.reporters.JUnitReportReporter -->
<testsuite hostname="DESKTOP-2S5B2IC" failures="0" tests="1" name="testcases.NAR.US" time="347.579" errors="0" timestamp="2023-06-05T18:56:42 IST" skipped="0">
  <testcase classname="testcases.NAR.US" name="US_AGREEMENT" time="347.579"/>
  <system-out>
    <![CDATA[Method name is = US_AGREEMENT
Status of execution is = 1]]>
  </system-out>
</testsuite> <!-- testcases.NAR.US -->
