<?xml version="1.0" encoding="UTF-8"?>
<!-- Generated by org.testng.reporters.JUnitReportReporter -->
<testsuite hostname="DESKTOP-2S5B2IC" failures="0" tests="2" name="testcases.NAR.US" time="478.214" errors="0" timestamp="2023-05-31T15:02:19 IST" skipped="1">
  <testcase classname="testcases.NAR.US" name="usAgreement" time="326.019"/>
  <system-out>
    <![CDATA[Method name is = usAgreement
Status of execution is = 1]]>
  </system-out>
  <testcase classname="testcases.NAR.US" name="usAgreement" time="152.195">
    <skipped/>
  </testcase> <!-- usAgreement -->
  <system-out>
    <![CDATA[Method name is = usAgreement]]>
  </system-out>
</testsuite> <!-- testcases.NAR.US -->
