<?xml version="1.0" encoding="UTF-8"?>
<!-- Generated by org.testng.reporters.JUnitReportReporter -->
<testsuite hostname="DESKTOP-2S5B2IC" failures="0" tests="1" name="testcases.AMR.PE2" time="311.921" errors="0" timestamp="2023-06-02T14:50:24 IST" skipped="0">
  <testcase classname="testcases.AMR.PE2" name="PERU_AGREEMENT" time="311.921"/>
  <system-out/>
</testsuite> <!-- testcases.AMR.PE2 -->
