<?xml version="1.0" encoding="UTF-8"?>
<!-- Generated by org.testng.reporters.JUnitReportReporter -->
<testsuite hostname="DESKTOP-2S5B2IC" failures="0" tests="1" name="testcases.AMR.PE2" time="310.507" errors="0" timestamp="2023-05-30T15:27:02 IST" skipped="0">
  <testcase classname="testcases.AMR.PE2" name="peruAgreement" time="310.507"/>
  <system-out>
    <![CDATA[Method name is = peruAgreement
Status of execution is = 1]]>
  </system-out>
</testsuite> <!-- testcases.AMR.PE2 -->
